# JRE version: Java(TM) SE Runtime Environment (25.0.2+10) (build 25.0.2+10-LTS-69)
# Java VM: Java HotSpot(TM) 64-Bit Server VM (25.0.2+10-LTS-69, mixed mode, sharing, tiered, compressed oops, compressed class ptrs, parallel gc, windows-amd64)
GC Precious Log:
 CardTable entry size: 512
 CPUs: 12 total, 12 available
 Memory: 15568M
 Large Page Support: Disabled
 NUMA Support: Disabled
 Compressed Oops: Enabled (32-bit)
 Alignments: Space 512K, Generation 512K, Heap 2M
 Heap Min Capacity: 100M
 Heap Initial Capacity: 100M
 Heap Max Capacity: 2G
 Pre-touch: Disabled
 Parallel Workers: 10
Heap:
 PSYoungGen      total 32256K, used 27249K [0x00000000d5580000, 0x00000000d7680000, 0x0000000100000000)
  eden space 30720K, 85% used [0x00000000d5580000,0x00000000d6f179f0,0x00000000d7380000)
  from space 1536K, 67% used [0x00000000d7500000,0x00000000d7604cd0,0x00000000d7680000)
  to   space 1536K, 0% used [0x00000000d7380000,0x00000000d7380000,0x00000000d7500000)
 ParOldGen       total 1393152K, used 1392975K [0x0000000080000000, 0x00000000d5080000, 0x00000000d5580000)
  object space 1393152K, 99% used [0x0000000080000000,0x00000000d5053e78,0x00000000d5080000)
GC Heap Usage History (20 events):
Event: 1737.332 {heap Before GC invocations=705 (full 4):
 PSYoungGen      total 10752K, used 10742K [0x00000000d5580000, 0x00000000d9c80000, 0x0000000100000000)
  eden space 9216K, 100% used [0x00000000d5580000,0x00000000d5e80000,0x00000000d5e80000)
  from space 1536K, 99% used [0x00000000d7500000,0x00000000d767da00,0x00000000d7680000)
  to   space 23040K, 0% used [0x00000000d5e80000,0x00000000d5e80000,0x00000000d7500000)
 ParOldGen       total 1346560K, used 1346287K [0x0000000080000000, 0x00000000d2300000, 0x00000000d5Event: 1737.335 {heap After GC invocations=705 (full 4):
 PSYoungGen      total 14848K, used 5368K [0x00000000d5580000, 0x00000000d7680000, 0x0000000100000000)
  eden space 9216K, 0% used [0x00000000d5580000,0x00000000d5580000,0x00000000d5e80000)
  from space 5632K, 95% used [0x00000000d5e80000,0x00000000d63be3d8,0x00000000d6400000)
  to   space 10752K, 0% used [0x00000000d6c00000,0x00000000d6c00000,0x00000000d7680000)
 ParOldGen       total 1347072K, used 1346631K [0x0000000080000000, 0x00000000d2380000, 0x00000000d55800Event: 1737.379 {heap Before GC invocations=706 (full 4):
 PSYoungGen      total 14848K, used 14584K [0x00000000d5580000, 0x00000000d7680000, 0x0000000100000000)
  eden space 9216K, 100% used [0x00000000d5580000,0x00000000d5e80000,0x00000000d5e80000)
  from space 5632K, 95% used [0x00000000d5e80000,0x00000000d63be3d8,0x00000000d6400000)
  to   space 10752K, 0% used [0x00000000d6c00000,0x00000000d6c00000,0x00000000d7680000)
 ParOldGen       total 1347072K, used 1346631K [0x0000000080000000, 0x00000000d2380000, 0x00000000d5Event: 1737.385 {heap After GC invocations=706 (full 4):
 PSYoungGen      total 28160K, used 3759K [0x00000000d5580000, 0x00000000d7680000, 0x0000000100000000)
  eden space 17408K, 0% used [0x00000000d5580000,0x00000000d5580000,0x00000000d6680000)
  from space 10752K, 34% used [0x00000000d6c00000,0x00000000d6fabe70,0x00000000d7680000)
  to   space 5632K, 0% used [0x00000000d6680000,0x00000000d6680000,0x00000000d6c00000)
 ParOldGen       total 1352192K, used 1351753K [0x0000000080000000, 0x00000000d2880000, 0x00000000d5580Event: 1737.458 {heap Before GC invocations=707 (full 4):
 PSYoungGen      total 28160K, used 20153K [0x00000000d5580000, 0x00000000d7680000, 0x0000000100000000)
  eden space 17408K, 94% used [0x00000000d5580000,0x00000000d6582710,0x00000000d6680000)
  from space 10752K, 34% used [0x00000000d6c00000,0x00000000d6fabe70,0x00000000d7680000)
  to   space 5632K, 0% used [0x00000000d6680000,0x00000000d6680000,0x00000000d6c00000)
 ParOldGen       total 1352192K, used 1351753K [0x0000000080000000, 0x00000000d2880000, 0x00000000d5Event: 1737.467 {heap After GC invocations=707 (full 4):
 PSYoungGen      total 23040K, used 5616K [0x00000000d5580000, 0x00000000d8580000, 0x0000000100000000)
  eden space 17408K, 0% used [0x00000000d5580000,0x00000000d5580000,0x00000000d6680000)
  from space 5632K, 99% used [0x00000000d6680000,0x00000000d6bfc000,0x00000000d6c00000)
  to   space 15872K, 0% used [0x00000000d7600000,0x00000000d7600000,0x00000000d8580000)
 ParOldGen       total 1359872K, used 1359809K [0x0000000080000000, 0x00000000d3000000, 0x00000000d5580Event: 1737.725 {heap Before GC invocations=708 (full 4):
 PSYoungGen      total 23040K, used 23024K [0x00000000d5580000, 0x00000000d8580000, 0x0000000100000000)
  eden space 17408K, 100% used [0x00000000d5580000,0x00000000d6680000,0x00000000d6680000)
  from space 5632K, 99% used [0x00000000d6680000,0x00000000d6bfc000,0x00000000d6c00000)
  to   space 15872K, 0% used [0x00000000d7600000,0x00000000d7600000,0x00000000d8580000)
 ParOldGen       total 1383424K, used 1382849K [0x0000000080000000, 0x00000000d4700000, 0x00000000dEvent: 1737.730 {heap After GC invocations=708 (full 4):
 PSYoungGen      total 24064K, used 544K [0x00000000d5580000, 0x00000000d7700000, 0x0000000100000000)
  eden space 23040K, 0% used [0x00000000d5580000,0x00000000d5580000,0x00000000d6c00000)
  from space 1024K, 53% used [0x00000000d7600000,0x00000000d7688020,0x00000000d7700000)
  to   space 5632K, 0% used [0x00000000d6c00000,0x00000000d6c00000,0x00000000d7180000)
 ParOldGen       total 1388032K, used 1387761K [0x0000000080000000, 0x00000000d4b80000, 0x00000000d558000Event: 1738.245 {heap Before GC invocations=709 (full 4):
 PSYoungGen      total 24064K, used 23557K [0x00000000d5580000, 0x00000000d7700000, 0x0000000100000000)
  eden space 23040K, 99% used [0x00000000d5580000,0x00000000d6bf9638,0x00000000d6c00000)
  from space 1024K, 53% used [0x00000000d7600000,0x00000000d7688020,0x00000000d7700000)
  to   space 5632K, 0% used [0x00000000d6c00000,0x00000000d6c00000,0x00000000d7180000)
 ParOldGen       total 1388032K, used 1387761K [0x0000000080000000, 0x00000000d4b80000, 0x00000000d55Event: 1738.247 {heap After GC invocations=709 (full 4):
 PSYoungGen      total 28672K, used 288K [0x00000000d5580000, 0x00000000d7680000, 0x0000000100000000)
  eden space 23040K, 0% used [0x00000000d5580000,0x00000000d5580000,0x00000000d6c00000)
  from space 5632K, 5% used [0x00000000d6c00000,0x00000000d6c48000,0x00000000d7180000)
  to   space 1536K, 0% used [0x00000000d7500000,0x00000000d7500000,0x00000000d7680000)
 ParOldGen       total 1388032K, used 1387961K [0x0000000080000000, 0x00000000d4b80000, 0x00000000d5580000Event: 1754.140 {heap Before GC invocations=710 (full 4):
 PSYoungGen      total 28672K, used 23328K [0x00000000d5580000, 0x00000000d7680000, 0x0000000100000000)
  eden space 23040K, 100% used [0x00000000d5580000,0x00000000d6c00000,0x00000000d6c00000)
  from space 5632K, 5% used [0x00000000d6c00000,0x00000000d6c48000,0x00000000d7180000)
  to   space 1536K, 0% used [0x00000000d7500000,0x00000000d7500000,0x00000000d7680000)
 ParOldGen       total 1388032K, used 1387961K [0x0000000080000000, 0x00000000d4b80000, 0x00000000d55Event: 1754.143 {heap After GC invocations=710 (full 4):
 PSYoungGen      total 31232K, used 1367K [0x00000000d5580000, 0x00000000d7680000, 0x0000000100000000)
  eden space 29696K, 0% used [0x00000000d5580000,0x00000000d5580000,0x00000000d7280000)
  from space 1536K, 89% used [0x00000000d7500000,0x00000000d7655fd0,0x00000000d7680000)
  to   space 2048K, 0% used [0x00000000d7280000,0x00000000d7280000,0x00000000d7480000)
 ParOldGen       total 1388544K, used 1388033K [0x0000000080000000, 0x00000000d4c00000, 0x00000000d55800Event: 1754.568 {heap Before GC invocations=711 (full 4):
 PSYoungGen      total 31232K, used 31063K [0x00000000d5580000, 0x00000000d7680000, 0x0000000100000000)
  eden space 29696K, 100% used [0x00000000d5580000,0x00000000d7280000,0x00000000d7280000)
  from space 1536K, 89% used [0x00000000d7500000,0x00000000d7655fd0,0x00000000d7680000)
  to   space 2048K, 0% used [0x00000000d7280000,0x00000000d7280000,0x00000000d7480000)
 ParOldGen       total 1388544K, used 1388033K [0x0000000080000000, 0x00000000d4c00000, 0x00000000d5Event: 1754.571 {heap After GC invocations=711 (full 4):
 PSYoungGen      total 31232K, used 2045K [0x00000000d5580000, 0x00000000d7a00000, 0x0000000100000000)
  eden space 29184K, 0% used [0x00000000d5580000,0x00000000d5580000,0x00000000d7200000)
  from space 2048K, 99% used [0x00000000d7280000,0x00000000d747f4a0,0x00000000d7480000)
  to   space 4096K, 0% used [0x00000000d7600000,0x00000000d7600000,0x00000000d7a00000)
 ParOldGen       total 1389568K, used 1389275K [0x0000000080000000, 0x00000000d4d00000, 0x00000000d55800Event: 1766.342 {heap Before GC invocations=712 (full 4):
 PSYoungGen      total 31232K, used 31229K [0x00000000d5580000, 0x00000000d7a00000, 0x0000000100000000)
  eden space 29184K, 100% used [0x00000000d5580000,0x00000000d7200000,0x00000000d7200000)
  from space 2048K, 99% used [0x00000000d7280000,0x00000000d747f4a0,0x00000000d7480000)
  to   space 4096K, 0% used [0x00000000d7600000,0x00000000d7600000,0x00000000d7a00000)
 ParOldGen       total 1389568K, used 1389275K [0x0000000080000000, 0x00000000d4d00000, 0x00000000d5Event: 1766.345 {heap After GC invocations=712 (full 4):
 PSYoungGen      total 32256K, used 1274K [0x00000000d5580000, 0x00000000d7780000, 0x0000000100000000)
  eden space 30720K, 0% used [0x00000000d5580000,0x00000000d5580000,0x00000000d7380000)
  from space 1536K, 82% used [0x00000000d7600000,0x00000000d773e900,0x00000000d7780000)
  to   space 2048K, 0% used [0x00000000d7380000,0x00000000d7380000,0x00000000d7580000)
 ParOldGen       total 1391616K, used 1391263K [0x0000000080000000, 0x00000000d4f00000, 0x00000000d55800Event: 1767.152 {heap Before GC invocations=713 (full 4):
 PSYoungGen      total 32256K, used 31994K [0x00000000d5580000, 0x00000000d7780000, 0x0000000100000000)
  eden space 30720K, 100% used [0x00000000d5580000,0x00000000d7380000,0x00000000d7380000)
  from space 1536K, 82% used [0x00000000d7600000,0x00000000d773e900,0x00000000d7780000)
  to   space 2048K, 0% used [0x00000000d7380000,0x00000000d7380000,0x00000000d7580000)
 ParOldGen       total 1391616K, used 1391263K [0x0000000080000000, 0x00000000d4f00000, 0x00000000d5Event: 1767.155 {heap After GC invocations=713 (full 4):
 PSYoungGen      total 32256K, used 1117K [0x00000000d5580000, 0x00000000d7680000, 0x0000000100000000)
  eden space 30720K, 0% used [0x00000000d5580000,0x00000000d5580000,0x00000000d7380000)
  from space 1536K, 72% used [0x00000000d7380000,0x00000000d74976b0,0x00000000d7500000)
  to   space 1536K, 0% used [0x00000000d7500000,0x00000000d7500000,0x00000000d7680000)
 ParOldGen       total 1392640K, used 1392353K [0x0000000080000000, 0x00000000d5000000, 0x00000000d55800Event: 1829.078 {heap Before GC invocations=714 (full 4):
 PSYoungGen      total 32256K, used 31837K [0x00000000d5580000, 0x00000000d7680000, 0x0000000100000000)
  eden space 30720K, 100% used [0x00000000d5580000,0x00000000d7380000,0x00000000d7380000)
  from space 1536K, 72% used [0x00000000d7380000,0x00000000d74976b0,0x00000000d7500000)
  to   space 1536K, 0% used [0x00000000d7500000,0x00000000d7500000,0x00000000d7680000)
 ParOldGen       total 1392640K, used 1392353K [0x0000000080000000, 0x00000000d5000000, 0x00000000d5Event: 1829.080 {heap After GC invocations=714 (full 4):
 PSYoungGen      total 32256K, used 1043K [0x00000000d5580000, 0x00000000d7680000, 0x0000000100000000)
  eden space 30720K, 0% used [0x00000000d5580000,0x00000000d5580000,0x00000000d7380000)
  from space 1536K, 67% used [0x00000000d7500000,0x00000000d7604cd0,0x00000000d7680000)
  to   space 1536K, 0% used [0x00000000d7380000,0x00000000d7380000,0x00000000d7500000)
 ParOldGen       total 1393152K, used 1392975K [0x0000000080000000, 0x00000000d5080000, 0x00000000d55800
Metaspace Usage History (20 events):
Event: 1737.332 {metaspace Before GC invocations=705 (full 4):
 Metaspace       used 98801K, committed 100672K, reserved 1179648K
  class space    used 10626K, committed 11456K, reserved 1048576K
}
Event: 1737.336 {metaspace After GC invocations=705 (full 4):
 Metaspace       used 98801K, committed 100672K, reserved 1179648K
  class space    used 10626K, committed 11456K, reserved 1048576K
}
Event: 1737.379 {metaspace Before GC invocations=706 (full 4):
 Metaspace       used 98820K, committed 100672K, reserved 1179648K
  class space    used 10626K, committed 11456K, reserved 1048576K
}
Event: 1737.385 {metaspace After GC invocations=706 (full 4):
 Metaspace       used 98820K, committed 100672K, reserved 1179648K
  class space    used 10626K, committed 11456K, reserved 1048576K
}
Event: 1737.458 {metaspace Before GC invocations=707 (full 4):
 Metaspace       used 98833K, committed 100736K, reserved 1179648K
  class space    used 10627K, committed 11456K, reserved 1048576K
}
Event: 1737.467 {metaspace After GC invocations=707 (full 4):
 Metaspace       used 98833K, committed 100736K, reserved 1179648K
  class space    used 10627K, committed 11456K, reserved 1048576K
}
Event: 1737.725 {metaspace Before GC invocations=708 (full 4):
 Metaspace       used 98836K, committed 100736K, reserved 1179648K
  class space    used 10627K, committed 11456K, reserved 1048576K
}
Event: 1737.730 {metaspace After GC invocations=708 (full 4):
 Metaspace       used 98836K, committed 100736K, reserved 1179648K
  class space    used 10627K, committed 11456K, reserved 1048576K
}
Event: 1738.245 {metaspace Before GC invocations=709 (full 4):
 Metaspace       used 98840K, committed 100736K, reserved 1179648K
  class space    used 10627K, committed 11456K, reserved 1048576K
}
Event: 1738.247 {metaspace After GC invocations=709 (full 4):
 Metaspace       used 98840K, committed 100736K, reserved 1179648K
  class space    used 10627K, committed 11456K, reserved 1048576K
}
Event: 1754.140 {metaspace Before GC invocations=710 (full 4):
 Metaspace       used 98891K, committed 100736K, reserved 1179648K
  class space    used 10627K, committed 11456K, reserved 1048576K
}
Event: 1754.143 {metaspace After GC invocations=710 (full 4):
 Metaspace       used 98891K, committed 100736K, reserved 1179648K
  class space    used 10627K, committed 11456K, reserved 1048576K
}
Event: 1754.568 {metaspace Before GC invocations=711 (full 4):
 Metaspace       used 99195K, committed 101120K, reserved 1179648K
  class space    used 10651K, committed 11520K, reserved 1048576K
}
Event: 1754.571 {metaspace After GC invocations=711 (full 4):
 Metaspace       used 99195K, committed 101120K, reserved 1179648K
  class space    used 10651K, committed 11520K, reserved 1048576K
}
Event: 1766.342 {metaspace Before GC invocations=712 (full 4):
 Metaspace       used 99204K, committed 101120K, reserved 1179648K
  class space    used 10651K, committed 11520K, reserved 1048576K
}
Event: 1766.345 {metaspace After GC invocations=712 (full 4):
 Metaspace       used 99204K, committed 101120K, reserved 1179648K
  class space    used 10651K, committed 11520K, reserved 1048576K
}
Event: 1767.152 {metaspace Before GC invocations=713 (full 4):
 Metaspace       used 99207K, committed 101120K, reserved 1179648K
  class space    used 10651K, committed 11520K, reserved 1048576K
}
Event: 1767.155 {metaspace After GC invocations=713 (full 4):
 Metaspace       used 99207K, committed 101120K, reserved 1179648K
  class space    used 10651K, committed 11520K, reserved 1048576K
}
Event: 1829.078 {metaspace Before GC invocations=714 (full 4):
 Metaspace       used 99227K, committed 101120K, reserved 1179648K
  class space    used 10651K, committed 11520K, reserved 1048576K
}
Event: 1829.080 {metaspace After GC invocations=714 (full 4):
 Metaspace       used 99227K, committed 101120K, reserved 1179648K
  class space    used 10651K, committed 11520K, reserved 1048576K
}

